Added Component: Designator=J7(10pinheader)
Add component (AddParameter): Name = "Availability"; Value = "Unavailable"; VariantName = "[No Variations]"
Add component (AddParameter): Name = "MF"; Value = ""; VariantName = "[No Variations]"
Add component (AddParameter): Name = "MP"; Value = "TMMH-105-01-F-D"; VariantName = "[No Variations]"
Add component (AddParameter): Name = "Package"; Value = "None"; VariantName = "[No Variations]"
Add component (AddParameter): Name = "Price"; Value = "None"; VariantName = "[No Variations]"
Add component (AddParameter): Name = "Value"; Value = ""; VariantName = "[No Variations]"
Added Pin To Net: NetName=+3.3 Pin=J7-01
Added Pin To Net: NetName=SCL Pin=J7-02
Added Pin To Net: NetName=GND Pin=J7-03
Added Pin To Net: NetName=SDA Pin=J7-04
Added Pin To Net: NetName=RST Pin=J7-06
Added Pin To Net: NetName=pwr gnd Pin=J7-07
Added Pin To Net: NetName=pwr gnd Pin=J7-08
Added Pin To Net: NetName=pwr gnd Pin=J7-09
Added Pin To Net: NetName=pwr gnd Pin=J7-10
Added Member To Class: ClassName=Relay I2C to GPIO Member=Component J7
Added Room: Name=multiplexor circuit
Added Room: Name=Relay I2C to GPIO
Added Room: Name=relay isolation circuit
